Analysis & Synthesis report for mips_cpu
Sat Jun 05 22:35:30 2021
Quartus Prime Version 20.1.1 Build 720 11/11/2020 SJ Lite Edition


---------------------
; Table of Contents ;
---------------------
  1. Legal Notice
  2. Analysis & Synthesis Summary
  3. Analysis & Synthesis Settings
  4. Parallel Compilation
  5. Analysis & Synthesis Messages
  6. Analysis & Synthesis Suppressed Messages



----------------
; Legal Notice ;
----------------
Copyright (C) 2020  Intel Corporation. All rights reserved.
Your use of Intel Corporation's design tools, logic functions 
and other software and tools, and any partner logic 
functions, and any output files from any of the foregoing 
(including device programming or simulation files), and any 
associated documentation or information are expressly subject 
to the terms and conditions of the Intel Program License 
Subscription Agreement, the Intel Quartus Prime License Agreement,
the Intel FPGA IP License Agreement, or other applicable license
agreement, including, without limitation, that your use is for
the sole purpose of programming logic devices manufactured by
Intel and sold by Intel or its authorized distributors.  Please
refer to the applicable agreement for further details, at
https://fpgasoftware.intel.com/eula.



+---------------------------------------------------------------------------+
; Analysis & Synthesis Summary                                              ;
+-----------------------------+---------------------------------------------+
; Analysis & Synthesis Status ; Failed - Sat Jun 05 22:35:30 2021           ;
; Quartus Prime Version       ; 20.1.1 Build 720 11/11/2020 SJ Lite Edition ;
; Revision Name               ; mips_cpu                                    ;
; Top-level Entity Name       ; mips_cpu                                    ;
; Family                      ; Cyclone V                                   ;
; Logic utilization (in ALMs) ; N/A until Partition Merge                   ;
; Total registers             ; N/A until Partition Merge                   ;
; Total pins                  ; N/A until Partition Merge                   ;
; Total virtual pins          ; N/A until Partition Merge                   ;
; Total block memory bits     ; N/A until Partition Merge                   ;
; Total PLLs                  ; N/A until Partition Merge                   ;
; Total DLLs                  ; N/A until Partition Merge                   ;
+-----------------------------+---------------------------------------------+


+---------------------------------------------------------------------------------------------------------------------------+
; Analysis & Synthesis Settings                                                                                             ;
+---------------------------------------------------------------------------------+--------------------+--------------------+
; Option                                                                          ; Setting            ; Default Value      ;
+---------------------------------------------------------------------------------+--------------------+--------------------+
; Device                                                                          ; 5CSEMA5F31C6       ;                    ;
; Top-level entity name                                                           ; mips_cpu           ; mips_cpu           ;
; Family name                                                                     ; Cyclone V          ; Cyclone V          ;
; Use smart compilation                                                           ; Off                ; Off                ;
; Enable parallel Assembler and Timing Analyzer during compilation                ; On                 ; On                 ;
; Enable compact report table                                                     ; Off                ; Off                ;
; Restructure Multiplexers                                                        ; Auto               ; Auto               ;
; MLAB Add Timing Constraints For Mixed-Port Feed-Through Mode Setting Don't Care ; Off                ; Off                ;
; Create Debugging Nodes for IP Cores                                             ; Off                ; Off                ;
; Preserve fewer node names                                                       ; On                 ; On                 ;
; Intel FPGA IP Evaluation Mode                                                   ; Enable             ; Enable             ;
; Verilog Version                                                                 ; Verilog_2001       ; Verilog_2001       ;
; VHDL Version                                                                    ; VHDL_1993          ; VHDL_1993          ;
; State Machine Processing                                                        ; Auto               ; Auto               ;
; Safe State Machine                                                              ; Off                ; Off                ;
; Extract Verilog State Machines                                                  ; On                 ; On                 ;
; Extract VHDL State Machines                                                     ; On                 ; On                 ;
; Ignore Verilog initial constructs                                               ; Off                ; Off                ;
; Iteration limit for constant Verilog loops                                      ; 5000               ; 5000               ;
; Iteration limit for non-constant Verilog loops                                  ; 250                ; 250                ;
; Add Pass-Through Logic to Inferred RAMs                                         ; On                 ; On                 ;
; Infer RAMs from Raw Logic                                                       ; On                 ; On                 ;
; Parallel Synthesis                                                              ; On                 ; On                 ;
; DSP Block Balancing                                                             ; Auto               ; Auto               ;
; NOT Gate Push-Back                                                              ; On                 ; On                 ;
; Power-Up Don't Care                                                             ; On                 ; On                 ;
; Remove Redundant Logic Cells                                                    ; Off                ; Off                ;
; Remove Duplicate Registers                                                      ; On                 ; On                 ;
; Ignore CARRY Buffers                                                            ; Off                ; Off                ;
; Ignore CASCADE Buffers                                                          ; Off                ; Off                ;
; Ignore GLOBAL Buffers                                                           ; Off                ; Off                ;
; Ignore ROW GLOBAL Buffers                                                       ; Off                ; Off                ;
; Ignore LCELL Buffers                                                            ; Off                ; Off                ;
; Ignore SOFT Buffers                                                             ; On                 ; On                 ;
; Limit AHDL Integers to 32 Bits                                                  ; Off                ; Off                ;
; Optimization Technique                                                          ; Balanced           ; Balanced           ;
; Carry Chain Length                                                              ; 70                 ; 70                 ;
; Auto Carry Chains                                                               ; On                 ; On                 ;
; Auto Open-Drain Pins                                                            ; On                 ; On                 ;
; Perform WYSIWYG Primitive Resynthesis                                           ; Off                ; Off                ;
; Auto ROM Replacement                                                            ; On                 ; On                 ;
; Auto RAM Replacement                                                            ; On                 ; On                 ;
; Auto DSP Block Replacement                                                      ; On                 ; On                 ;
; Auto Shift Register Replacement                                                 ; Auto               ; Auto               ;
; Allow Shift Register Merging across Hierarchies                                 ; Auto               ; Auto               ;
; Auto Clock Enable Replacement                                                   ; On                 ; On                 ;
; Strict RAM Replacement                                                          ; Off                ; Off                ;
; Allow Synchronous Control Signals                                               ; On                 ; On                 ;
; Force Use of Synchronous Clear Signals                                          ; Off                ; Off                ;
; Auto Resource Sharing                                                           ; Off                ; Off                ;
; Allow Any RAM Size For Recognition                                              ; Off                ; Off                ;
; Allow Any ROM Size For Recognition                                              ; Off                ; Off                ;
; Allow Any Shift Register Size For Recognition                                   ; Off                ; Off                ;
; Use LogicLock Constraints during Resource Balancing                             ; On                 ; On                 ;
; Ignore translate_off and synthesis_off directives                               ; Off                ; Off                ;
; Timing-Driven Synthesis                                                         ; On                 ; On                 ;
; Report Parameter Settings                                                       ; On                 ; On                 ;
; Report Source Assignments                                                       ; On                 ; On                 ;
; Report Connectivity Checks                                                      ; On                 ; On                 ;
; Ignore Maximum Fan-Out Assignments                                              ; Off                ; Off                ;
; Synchronization Register Chain Length                                           ; 3                  ; 3                  ;
; Power Optimization During Synthesis                                             ; Normal compilation ; Normal compilation ;
; HDL message level                                                               ; Level2             ; Level2             ;
; Suppress Register Optimization Related Messages                                 ; Off                ; Off                ;
; Number of Removed Registers Reported in Synthesis Report                        ; 5000               ; 5000               ;
; Number of Swept Nodes Reported in Synthesis Report                              ; 5000               ; 5000               ;
; Number of Inverted Registers Reported in Synthesis Report                       ; 100                ; 100                ;
; Clock MUX Protection                                                            ; On                 ; On                 ;
; Auto Gated Clock Conversion                                                     ; Off                ; Off                ;
; Block Design Naming                                                             ; Auto               ; Auto               ;
; SDC constraint protection                                                       ; Off                ; Off                ;
; Synthesis Effort                                                                ; Auto               ; Auto               ;
; Shift Register Replacement - Allow Asynchronous Clear Signal                    ; On                 ; On                 ;
; Pre-Mapping Resynthesis Optimization                                            ; Off                ; Off                ;
; Analysis & Synthesis Message Level                                              ; Medium             ; Medium             ;
; Disable Register Merging Across Hierarchies                                     ; Auto               ; Auto               ;
; Resource Aware Inference For Block RAM                                          ; On                 ; On                 ;
; Automatic Parallel Synthesis                                                    ; On                 ; On                 ;
; Partial Reconfiguration Bitstream ID                                            ; Off                ; Off                ;
+---------------------------------------------------------------------------------+--------------------+--------------------+


+------------------------------------------+
; Parallel Compilation                     ;
+----------------------------+-------------+
; Processors                 ; Number      ;
+----------------------------+-------------+
; Number detected on machine ; 16          ;
; Maximum allowed            ; 16          ;
;                            ;             ;
; Average used               ; 1.00        ;
; Maximum used               ; 1           ;
;                            ;             ;
; Usage by Processor         ; % Time Used ;
;     Processor 1            ; 100.0%      ;
+----------------------------+-------------+


+-------------------------------+
; Analysis & Synthesis Messages ;
+-------------------------------+
Info: *******************************************************************
Info: Running Quartus Prime Analysis & Synthesis
    Info: Version 20.1.1 Build 720 11/11/2020 SJ Lite Edition
    Info: Processing started: Sat Jun 05 22:35:23 2021
Info: Command: quartus_map --read_settings_files=on --write_settings_files=off mips_cpu -c mips_cpu
Warning (18236): Number of processors has not been specified which may cause overloading on shared machines.  Set the global assignment NUM_PARALLEL_PROCESSORS in your QSF to an appropriate value for best performance.
Info (20030): Parallel compilation is enabled and will use 16 of the 16 processors detected
Info (12021): Found 1 design units, including 1 entities, in source file mips_core/priority_encoder.sv
    Info (12023): Found entity 1: priority_encoder File: C:/Users/blade/Desktop/Baseline_v2.3/mips_cpu/mips_core/priority_encoder.sv Line: 18
Info (12021): Found 3 design units, including 3 entities, in source file mips_core/llsc_module.sv
    Info (12023): Found entity 1: llsc_input_ifc File: C:/Users/blade/Desktop/Baseline_v2.3/mips_cpu/mips_core/llsc_module.sv Line: 11
    Info (12023): Found entity 2: llsc_output_ifc File: C:/Users/blade/Desktop/Baseline_v2.3/mips_cpu/mips_core/llsc_module.sv Line: 21
    Info (12023): Found entity 3: llsc_module File: C:/Users/blade/Desktop/Baseline_v2.3/mips_cpu/mips_core/llsc_module.sv Line: 28
Info (12021): Found 2 design units, including 2 entities, in source file mips_core/cache_bank.sv
    Info (12023): Found entity 1: cache_bank File: C:/Users/blade/Desktop/Baseline_v2.3/mips_cpu/mips_core/cache_bank.sv Line: 17
    Info (12023): Found entity 2: cache_bank_core File: C:/Users/blade/Desktop/Baseline_v2.3/mips_cpu/mips_core/cache_bank.sv Line: 50
Info (12021): Found 1 design units, including 1 entities, in source file ip/sdr_sdram/sdr.v
    Info (12023): Found entity 1: sdr File: C:/Users/blade/Desktop/Baseline_v2.3/mips_cpu/ip/sdr_sdram/sdr.v Line: 48
Info (12021): Found 2 design units, including 2 entities, in source file mips_core/reg_file.sv
    Info (12023): Found entity 1: reg_file_output_ifc File: C:/Users/blade/Desktop/Baseline_v2.3/mips_cpu/mips_core/reg_file.sv Line: 16
    Info (12023): Found entity 2: reg_file File: C:/Users/blade/Desktop/Baseline_v2.3/mips_cpu/mips_core/reg_file.sv Line: 24
Info (12021): Found 4 design units, including 4 entities, in source file mips_core/pipeline_registers.sv
    Info (12023): Found entity 1: pr_i2d File: C:/Users/blade/Desktop/Baseline_v2.3/mips_cpu/mips_core/pipeline_registers.sv Line: 15
    Info (12023): Found entity 2: pr_d2e File: C:/Users/blade/Desktop/Baseline_v2.3/mips_cpu/mips_core/pipeline_registers.sv Line: 58
    Info (12023): Found entity 3: pr_e2m File: C:/Users/blade/Desktop/Baseline_v2.3/mips_cpu/mips_core/pipeline_registers.sv Line: 159
    Info (12023): Found entity 4: pr_m2w File: C:/Users/blade/Desktop/Baseline_v2.3/mips_cpu/mips_core/pipeline_registers.sv Line: 235
Info (12021): Found 1 design units, including 0 entities, in source file mips_core/mips_core_pkg.sv
    Info (12022): Found design unit 1: mips_core_pkg (SystemVerilog) File: C:/Users/blade/Desktop/Baseline_v2.3/mips_cpu/mips_core/mips_core_pkg.sv Line: 11
Info (12021): Found 10 design units, including 10 entities, in source file mips_core/mips_core_interfaces.sv
    Info (12023): Found entity 1: load_pc_ifc File: C:/Users/blade/Desktop/Baseline_v2.3/mips_cpu/mips_core/mips_core_interfaces.sv Line: 12
    Info (12023): Found entity 2: pc_ifc File: C:/Users/blade/Desktop/Baseline_v2.3/mips_cpu/mips_core/mips_core_interfaces.sv Line: 20
    Info (12023): Found entity 3: cache_output_ifc File: C:/Users/blade/Desktop/Baseline_v2.3/mips_cpu/mips_core/mips_core_interfaces.sv Line: 28
    Info (12023): Found entity 4: branch_decoded_ifc File: C:/Users/blade/Desktop/Baseline_v2.3/mips_cpu/mips_core/mips_core_interfaces.sv Line: 36
    Info (12023): Found entity 5: alu_pass_through_ifc File: C:/Users/blade/Desktop/Baseline_v2.3/mips_cpu/mips_core/mips_core_interfaces.sv Line: 50
    Info (12023): Found entity 6: branch_result_ifc File: C:/Users/blade/Desktop/Baseline_v2.3/mips_cpu/mips_core/mips_core_interfaces.sv Line: 68
    Info (12023): Found entity 7: d_cache_pass_through_ifc File: C:/Users/blade/Desktop/Baseline_v2.3/mips_cpu/mips_core/mips_core_interfaces.sv Line: 78
    Info (12023): Found entity 8: write_back_ifc File: C:/Users/blade/Desktop/Baseline_v2.3/mips_cpu/mips_core/mips_core_interfaces.sv Line: 89
    Info (12023): Found entity 9: hazard_control_ifc File: C:/Users/blade/Desktop/Baseline_v2.3/mips_cpu/mips_core/mips_core_interfaces.sv Line: 98
    Info (12023): Found entity 10: issue_ifc File: C:/Users/blade/Desktop/Baseline_v2.3/mips_cpu/mips_core/mips_core_interfaces.sv Line: 107
Info (12021): Found 1 design units, including 1 entities, in source file mips_core/i_cache.sv
    Info (12023): Found entity 1: i_cache File: C:/Users/blade/Desktop/Baseline_v2.3/mips_cpu/mips_core/i_cache.sv Line: 27
Info (12021): Found 1 design units, including 1 entities, in source file mips_core/hazard_controller.sv
    Info (12023): Found entity 1: hazard_controller File: C:/Users/blade/Desktop/Baseline_v2.3/mips_cpu/mips_core/hazard_controller.sv Line: 16
Info (12021): Found 3 design units, including 3 entities, in source file mips_core/glue_circuits.sv
    Info (12023): Found entity 1: decode_stage_glue File: C:/Users/blade/Desktop/Baseline_v2.3/mips_cpu/mips_core/glue_circuits.sv Line: 13
    Info (12023): Found entity 2: ex_stage_glue File: C:/Users/blade/Desktop/Baseline_v2.3/mips_cpu/mips_core/glue_circuits.sv Line: 57
    Info (12023): Found entity 3: mem_stage_glue File: C:/Users/blade/Desktop/Baseline_v2.3/mips_cpu/mips_core/glue_circuits.sv Line: 93
Info (12021): Found 1 design units, including 1 entities, in source file mips_core/forward_unit.sv
    Info (12023): Found entity 1: forward_unit File: C:/Users/blade/Desktop/Baseline_v2.3/mips_cpu/mips_core/forward_unit.sv Line: 16
Info (12021): Found 1 design units, including 1 entities, in source file mips_core/fetch_unit.sv
    Info (12023): Found entity 1: fetch_unit File: C:/Users/blade/Desktop/Baseline_v2.3/mips_cpu/mips_core/fetch_unit.sv Line: 18
Info (12021): Found 2 design units, including 2 entities, in source file mips_core/decoder.sv
    Info (12023): Found entity 1: decoder_output_ifc File: C:/Users/blade/Desktop/Baseline_v2.3/mips_cpu/mips_core/decoder.sv Line: 14
    Info (12023): Found entity 2: decoder File: C:/Users/blade/Desktop/Baseline_v2.3/mips_cpu/mips_core/decoder.sv Line: 49
Info (12021): Found 2 design units, including 2 entities, in source file mips_core/d_cache.sv
    Info (12023): Found entity 1: d_cache_input_ifc File: C:/Users/blade/Desktop/Baseline_v2.3/mips_cpu/mips_core/d_cache.sv Line: 27
    Info (12023): Found entity 2: d_cache File: C:/Users/blade/Desktop/Baseline_v2.3/mips_cpu/mips_core/d_cache.sv Line: 39
Info (12021): Found 5 design units, including 5 entities, in source file mips_core/branch_controller.sv
    Info (12023): Found entity 1: branch_controller File: C:/Users/blade/Desktop/Baseline_v2.3/mips_cpu/mips_core/branch_controller.sv Line: 13
    Info (12023): Found entity 2: branch_predictor_always_not_taken File: C:/Users/blade/Desktop/Baseline_v2.3/mips_cpu/mips_core/branch_controller.sv Line: 53
    Info (12023): Found entity 3: branch_predictor_always_taken File: C:/Users/blade/Desktop/Baseline_v2.3/mips_cpu/mips_core/branch_controller.sv Line: 77
    Info (12023): Found entity 4: branch_predictor_backward_taken_forward_not_taken File: C:/Users/blade/Desktop/Baseline_v2.3/mips_cpu/mips_core/branch_controller.sv Line: 100
    Info (12023): Found entity 5: branch_predictor_2bit File: C:/Users/blade/Desktop/Baseline_v2.3/mips_cpu/mips_core/branch_controller.sv Line: 128
Info (12021): Found 3 design units, including 3 entities, in source file mips_core/alu.sv
    Info (12023): Found entity 1: alu_input_ifc File: C:/Users/blade/Desktop/Baseline_v2.3/mips_cpu/mips_core/alu.sv Line: 15
    Info (12023): Found entity 2: alu_output_ifc File: C:/Users/blade/Desktop/Baseline_v2.3/mips_cpu/mips_core/alu.sv Line: 28
    Info (12023): Found entity 3: alu File: C:/Users/blade/Desktop/Baseline_v2.3/mips_cpu/mips_core/alu.sv Line: 41
Info (12021): Found 1 design units, including 1 entities, in source file pass_done_interface.sv
    Info (12023): Found entity 1: pass_done_ifc File: C:/Users/blade/Desktop/Baseline_v2.3/mips_cpu/pass_done_interface.sv Line: 15
Info (12021): Found 1 design units, including 0 entities, in source file mips_cpu_pkg.sv
    Info (12022): Found design unit 1: mips_cpu_pkg (SystemVerilog) File: C:/Users/blade/Desktop/Baseline_v2.3/mips_cpu/mips_cpu_pkg.sv Line: 9
Info (12021): Found 1 design units, including 1 entities, in source file mips_cpu.sv
    Info (12023): Found entity 1: mips_cpu File: C:/Users/blade/Desktop/Baseline_v2.3/mips_cpu/mips_cpu.sv Line: 21
Info (12021): Found 1 design units, including 1 entities, in source file sdram/synthesis/sdram.v
    Info (12023): Found entity 1: sdram File: C:/Users/blade/Desktop/Baseline_v2.3/mips_cpu/sdram/synthesis/sdram.v Line: 6
Info (12021): Found 1 design units, including 1 entities, in source file sdram/synthesis/submodules/altera_reset_controller.v
    Info (12023): Found entity 1: altera_reset_controller File: C:/Users/blade/Desktop/Baseline_v2.3/mips_cpu/sdram/synthesis/submodules/altera_reset_controller.v Line: 42
Info (12021): Found 1 design units, including 1 entities, in source file sdram/synthesis/submodules/altera_reset_synchronizer.v
    Info (12023): Found entity 1: altera_reset_synchronizer File: C:/Users/blade/Desktop/Baseline_v2.3/mips_cpu/sdram/synthesis/submodules/altera_reset_synchronizer.v Line: 24
Info (12021): Found 1 design units, including 1 entities, in source file sdram/synthesis/submodules/sdram_mm_interconnect_0.v
    Info (12023): Found entity 1: sdram_mm_interconnect_0 File: C:/Users/blade/Desktop/Baseline_v2.3/mips_cpu/sdram/synthesis/submodules/sdram_mm_interconnect_0.v Line: 9
Info (12021): Found 1 design units, including 1 entities, in source file sdram/synthesis/submodules/sdram_mm_interconnect_0_avalon_st_adapter.v
    Info (12023): Found entity 1: sdram_mm_interconnect_0_avalon_st_adapter File: C:/Users/blade/Desktop/Baseline_v2.3/mips_cpu/sdram/synthesis/submodules/sdram_mm_interconnect_0_avalon_st_adapter.v Line: 9
Info (12021): Found 1 design units, including 1 entities, in source file sdram/synthesis/submodules/sdram_mm_interconnect_0_avalon_st_adapter_error_adapter_0.sv
    Info (12023): Found entity 1: sdram_mm_interconnect_0_avalon_st_adapter_error_adapter_0 File: C:/Users/blade/Desktop/Baseline_v2.3/mips_cpu/sdram/synthesis/submodules/sdram_mm_interconnect_0_avalon_st_adapter_error_adapter_0.sv Line: 66
Info (12021): Found 1 design units, including 1 entities, in source file sdram/synthesis/submodules/altera_merlin_width_adapter.sv
    Info (12023): Found entity 1: altera_merlin_width_adapter File: C:/Users/blade/Desktop/Baseline_v2.3/mips_cpu/sdram/synthesis/submodules/altera_merlin_width_adapter.sv Line: 25
Info (12021): Found 1 design units, including 1 entities, in source file sdram/synthesis/submodules/altera_merlin_address_alignment.sv
    Info (12023): Found entity 1: altera_merlin_address_alignment File: C:/Users/blade/Desktop/Baseline_v2.3/mips_cpu/sdram/synthesis/submodules/altera_merlin_address_alignment.sv Line: 26
Info (12021): Found 1 design units, including 1 entities, in source file sdram/synthesis/submodules/altera_merlin_burst_uncompressor.sv
    Info (12023): Found entity 1: altera_merlin_burst_uncompressor File: C:/Users/blade/Desktop/Baseline_v2.3/mips_cpu/sdram/synthesis/submodules/altera_merlin_burst_uncompressor.sv Line: 40
Info (12021): Found 1 design units, including 1 entities, in source file sdram/synthesis/submodules/sdram_mm_interconnect_0_rsp_mux.sv
    Info (12023): Found entity 1: sdram_mm_interconnect_0_rsp_mux File: C:/Users/blade/Desktop/Baseline_v2.3/mips_cpu/sdram/synthesis/submodules/sdram_mm_interconnect_0_rsp_mux.sv Line: 51
Info (12021): Found 2 design units, including 2 entities, in source file sdram/synthesis/submodules/altera_merlin_arbitrator.sv
    Info (12023): Found entity 1: altera_merlin_arbitrator File: C:/Users/blade/Desktop/Baseline_v2.3/mips_cpu/sdram/synthesis/submodules/altera_merlin_arbitrator.sv Line: 103
    Info (12023): Found entity 2: altera_merlin_arb_adder File: C:/Users/blade/Desktop/Baseline_v2.3/mips_cpu/sdram/synthesis/submodules/altera_merlin_arbitrator.sv Line: 228
Info (12021): Found 1 design units, including 1 entities, in source file sdram/synthesis/submodules/sdram_mm_interconnect_0_rsp_demux.sv
    Info (12023): Found entity 1: sdram_mm_interconnect_0_rsp_demux File: C:/Users/blade/Desktop/Baseline_v2.3/mips_cpu/sdram/synthesis/submodules/sdram_mm_interconnect_0_rsp_demux.sv Line: 43
Info (12021): Found 1 design units, including 1 entities, in source file sdram/synthesis/submodules/sdram_mm_interconnect_0_cmd_mux.sv
    Info (12023): Found entity 1: sdram_mm_interconnect_0_cmd_mux File: C:/Users/blade/Desktop/Baseline_v2.3/mips_cpu/sdram/synthesis/submodules/sdram_mm_interconnect_0_cmd_mux.sv Line: 51
Info (12021): Found 1 design units, including 1 entities, in source file sdram/synthesis/submodules/sdram_mm_interconnect_0_cmd_demux.sv
    Info (12023): Found entity 1: sdram_mm_interconnect_0_cmd_demux File: C:/Users/blade/Desktop/Baseline_v2.3/mips_cpu/sdram/synthesis/submodules/sdram_mm_interconnect_0_cmd_demux.sv Line: 43
Info (12021): Found 1 design units, including 1 entities, in source file sdram/synthesis/submodules/altera_merlin_burst_adapter.sv
    Info (12023): Found entity 1: altera_merlin_burst_adapter File: C:/Users/blade/Desktop/Baseline_v2.3/mips_cpu/sdram/synthesis/submodules/altera_merlin_burst_adapter.sv Line: 21
Info (12021): Found 1 design units, including 1 entities, in source file sdram/synthesis/submodules/altera_merlin_burst_adapter_uncmpr.sv
    Info (12023): Found entity 1: altera_merlin_burst_adapter_uncompressed_only File: C:/Users/blade/Desktop/Baseline_v2.3/mips_cpu/sdram/synthesis/submodules/altera_merlin_burst_adapter_uncmpr.sv Line: 39
Info (12021): Found 5 design units, including 5 entities, in source file sdram/synthesis/submodules/altera_merlin_burst_adapter_13_1.sv
    Info (12023): Found entity 1: altera_merlin_burst_adapter_burstwrap_increment File: C:/Users/blade/Desktop/Baseline_v2.3/mips_cpu/sdram/synthesis/submodules/altera_merlin_burst_adapter_13_1.sv Line: 40
    Info (12023): Found entity 2: altera_merlin_burst_adapter_adder File: C:/Users/blade/Desktop/Baseline_v2.3/mips_cpu/sdram/synthesis/submodules/altera_merlin_burst_adapter_13_1.sv Line: 55
    Info (12023): Found entity 3: altera_merlin_burst_adapter_subtractor File: C:/Users/blade/Desktop/Baseline_v2.3/mips_cpu/sdram/synthesis/submodules/altera_merlin_burst_adapter_13_1.sv Line: 77
    Info (12023): Found entity 4: altera_merlin_burst_adapter_min File: C:/Users/blade/Desktop/Baseline_v2.3/mips_cpu/sdram/synthesis/submodules/altera_merlin_burst_adapter_13_1.sv Line: 98
    Info (12023): Found entity 5: altera_merlin_burst_adapter_13_1 File: C:/Users/blade/Desktop/Baseline_v2.3/mips_cpu/sdram/synthesis/submodules/altera_merlin_burst_adapter_13_1.sv Line: 264
Info (12021): Found 1 design units, including 1 entities, in source file sdram/synthesis/submodules/altera_merlin_burst_adapter_new.sv
    Info (12023): Found entity 1: altera_merlin_burst_adapter_new File: C:/Users/blade/Desktop/Baseline_v2.3/mips_cpu/sdram/synthesis/submodules/altera_merlin_burst_adapter_new.sv Line: 25
Info (12021): Found 1 design units, including 1 entities, in source file sdram/synthesis/submodules/altera_incr_burst_converter.sv
    Info (12023): Found entity 1: altera_incr_burst_converter File: C:/Users/blade/Desktop/Baseline_v2.3/mips_cpu/sdram/synthesis/submodules/altera_incr_burst_converter.sv Line: 28
Info (12021): Found 1 design units, including 1 entities, in source file sdram/synthesis/submodules/altera_wrap_burst_converter.sv
    Info (12023): Found entity 1: altera_wrap_burst_converter File: C:/Users/blade/Desktop/Baseline_v2.3/mips_cpu/sdram/synthesis/submodules/altera_wrap_burst_converter.sv Line: 27
Info (12021): Found 1 design units, including 1 entities, in source file sdram/synthesis/submodules/altera_default_burst_converter.sv
    Info (12023): Found entity 1: altera_default_burst_converter File: C:/Users/blade/Desktop/Baseline_v2.3/mips_cpu/sdram/synthesis/submodules/altera_default_burst_converter.sv Line: 30
Info (12021): Found 1 design units, including 1 entities, in source file sdram/synthesis/submodules/altera_avalon_st_pipeline_stage.sv
    Info (12023): Found entity 1: altera_avalon_st_pipeline_stage File: C:/Users/blade/Desktop/Baseline_v2.3/mips_cpu/sdram/synthesis/submodules/altera_avalon_st_pipeline_stage.sv Line: 22
Info (12021): Found 1 design units, including 1 entities, in source file sdram/synthesis/submodules/altera_avalon_st_pipeline_base.v
    Info (12023): Found entity 1: altera_avalon_st_pipeline_base File: C:/Users/blade/Desktop/Baseline_v2.3/mips_cpu/sdram/synthesis/submodules/altera_avalon_st_pipeline_base.v Line: 22
Info (12021): Found 2 design units, including 2 entities, in source file sdram/synthesis/submodules/sdram_mm_interconnect_0_router_003.sv
    Info (12023): Found entity 1: sdram_mm_interconnect_0_router_003_default_decode File: C:/Users/blade/Desktop/Baseline_v2.3/mips_cpu/sdram/synthesis/submodules/sdram_mm_interconnect_0_router_003.sv Line: 45
    Info (12023): Found entity 2: sdram_mm_interconnect_0_router_003 File: C:/Users/blade/Desktop/Baseline_v2.3/mips_cpu/sdram/synthesis/submodules/sdram_mm_interconnect_0_router_003.sv Line: 84
Info (12021): Found 2 design units, including 2 entities, in source file sdram/synthesis/submodules/sdram_mm_interconnect_0_router.sv
    Info (12023): Found entity 1: sdram_mm_interconnect_0_router_default_decode File: C:/Users/blade/Desktop/Baseline_v2.3/mips_cpu/sdram/synthesis/submodules/sdram_mm_interconnect_0_router.sv Line: 45
    Info (12023): Found entity 2: sdram_mm_interconnect_0_router File: C:/Users/blade/Desktop/Baseline_v2.3/mips_cpu/sdram/synthesis/submodules/sdram_mm_interconnect_0_router.sv Line: 84
Info (12021): Found 1 design units, including 1 entities, in source file sdram/synthesis/submodules/altera_avalon_sc_fifo.v
    Info (12023): Found entity 1: altera_avalon_sc_fifo File: C:/Users/blade/Desktop/Baseline_v2.3/mips_cpu/sdram/synthesis/submodules/altera_avalon_sc_fifo.v Line: 21
Info (12021): Found 1 design units, including 1 entities, in source file sdram/synthesis/submodules/altera_merlin_slave_agent.sv
    Info (12023): Found entity 1: altera_merlin_slave_agent File: C:/Users/blade/Desktop/Baseline_v2.3/mips_cpu/sdram/synthesis/submodules/altera_merlin_slave_agent.sv Line: 34
Info (12021): Found 1 design units, including 1 entities, in source file sdram/synthesis/submodules/altera_merlin_master_agent.sv
    Info (12023): Found entity 1: altera_merlin_master_agent File: C:/Users/blade/Desktop/Baseline_v2.3/mips_cpu/sdram/synthesis/submodules/altera_merlin_master_agent.sv Line: 28
Info (12021): Found 1 design units, including 1 entities, in source file sdram/synthesis/submodules/altera_merlin_slave_translator.sv
    Info (12023): Found entity 1: altera_merlin_slave_translator File: C:/Users/blade/Desktop/Baseline_v2.3/mips_cpu/sdram/synthesis/submodules/altera_merlin_slave_translator.sv Line: 35
Info (12021): Found 1 design units, including 1 entities, in source file sdram/synthesis/submodules/altera_merlin_master_translator.sv
    Info (12023): Found entity 1: altera_merlin_master_translator File: C:/Users/blade/Desktop/Baseline_v2.3/mips_cpu/sdram/synthesis/submodules/altera_merlin_master_translator.sv Line: 32
Info (12021): Found 2 design units, including 2 entities, in source file sdram/synthesis/submodules/sdram_sdram_controller.v
    Info (12023): Found entity 1: sdram_sdram_controller_input_efifo_module File: C:/Users/blade/Desktop/Baseline_v2.3/mips_cpu/sdram/synthesis/submodules/sdram_sdram_controller.v Line: 21
    Info (12023): Found entity 2: sdram_sdram_controller File: C:/Users/blade/Desktop/Baseline_v2.3/mips_cpu/sdram/synthesis/submodules/sdram_sdram_controller.v Line: 159
Info (12021): Found 2 design units, including 2 entities, in source file sdram/synthesis/submodules/sdram_sdram_controller_test_component.v
    Info (12023): Found entity 1: sdram_sdram_controller_test_component_ram_module File: C:/Users/blade/Desktop/Baseline_v2.3/mips_cpu/sdram/synthesis/submodules/sdram_sdram_controller_test_component.v Line: 21
    Info (12023): Found entity 2: sdram_sdram_controller_test_component File: C:/Users/blade/Desktop/Baseline_v2.3/mips_cpu/sdram/synthesis/submodules/sdram_sdram_controller_test_component.v Line: 114
Info (12021): Found 1 design units, including 1 entities, in source file sdram/synthesis/submodules/sdram_pll_0.v
    Info (12023): Found entity 1: sdram_pll_0 File: C:/Users/blade/Desktop/Baseline_v2.3/mips_cpu/sdram/synthesis/submodules/sdram_pll_0.v Line: 2
Info (12021): Found 1 design units, including 1 entities, in source file sdram/synthesis/submodules/custom_master.v
    Info (12023): Found entity 1: custom_master File: C:/Users/blade/Desktop/Baseline_v2.3/mips_cpu/sdram/synthesis/submodules/custom_master.v Line: 9
Info (12021): Found 1 design units, including 1 entities, in source file sdram/synthesis/submodules/burst_write_master.v
    Info (12023): Found entity 1: burst_write_master File: C:/Users/blade/Desktop/Baseline_v2.3/mips_cpu/sdram/synthesis/submodules/burst_write_master.v Line: 37
Info (12021): Found 1 design units, including 1 entities, in source file sdram/synthesis/submodules/burst_read_master.v
    Info (12023): Found entity 1: burst_read_master File: C:/Users/blade/Desktop/Baseline_v2.3/mips_cpu/sdram/synthesis/submodules/burst_read_master.v Line: 36
Info (12021): Found 1 design units, including 1 entities, in source file sdram/synthesis/submodules/write_master.v
    Info (12023): Found entity 1: write_master File: C:/Users/blade/Desktop/Baseline_v2.3/mips_cpu/sdram/synthesis/submodules/write_master.v Line: 45
Info (12021): Found 1 design units, including 1 entities, in source file sdram/synthesis/submodules/latency_aware_read_master.v
    Info (12023): Found entity 1: latency_aware_read_master File: C:/Users/blade/Desktop/Baseline_v2.3/mips_cpu/sdram/synthesis/submodules/latency_aware_read_master.v Line: 45
Info (12021): Found 1 design units, including 1 entities, in source file mips_core/mips_core.sv
    Info (12023): Found entity 1: mips_core File: C:/Users/blade/Desktop/Baseline_v2.3/mips_cpu/mips_core/mips_core.sv Line: 12
Info (12021): Found 2 design units, including 2 entities, in source file memory_interfaces.sv
    Info (12023): Found entity 1: mem_write_ifc File: C:/Users/blade/Desktop/Baseline_v2.3/mips_cpu/memory_interfaces.sv Line: 12
    Info (12023): Found entity 2: mem_read_ifc File: C:/Users/blade/Desktop/Baseline_v2.3/mips_cpu/memory_interfaces.sv Line: 28
Error (10170): Verilog HDL syntax error at instruction_queue.sv(151) near text: ï. Check for and fix any syntax errors that appear immediately before or at the specified keyword. The Intel FPGA Knowledge Database contains many articles with specific details on how to resolve this error. Visit the Knowledge Database at https://www.altera.com/support/support-resources/knowledge-base/search.html and search for this specific error message number. File: C:/Users/blade/Desktop/Baseline_v2.3/mips_cpu/mips_core/instruction_queue.sv Line: 151
Error (10170): Verilog HDL syntax error at instruction_queue.sv(151) near text: "ï";  expecting ";". Check for and fix any syntax errors that appear immediately before or at the specified keyword. The Intel FPGA Knowledge Database contains many articles with specific details on how to resolve this error. Visit the Knowledge Database at https://www.altera.com/support/support-resources/knowledge-base/search.html and search for this specific error message number. File: C:/Users/blade/Desktop/Baseline_v2.3/mips_cpu/mips_core/instruction_queue.sv Line: 151
Error (10170): Verilog HDL syntax error at instruction_queue.sv(151) near text: ¼. Check for and fix any syntax errors that appear immediately before or at the specified keyword. The Intel FPGA Knowledge Database contains many articles with specific details on how to resolve this error. Visit the Knowledge Database at https://www.altera.com/support/support-resources/knowledge-base/search.html and search for this specific error message number. File: C:/Users/blade/Desktop/Baseline_v2.3/mips_cpu/mips_core/instruction_queue.sv Line: 151
Error (10170): Verilog HDL syntax error at instruction_queue.sv(151) near text: ›. Check for and fix any syntax errors that appear immediately before or at the specified keyword. The Intel FPGA Knowledge Database contains many articles with specific details on how to resolve this error. Visit the Knowledge Database at https://www.altera.com/support/support-resources/knowledge-base/search.html and search for this specific error message number. File: C:/Users/blade/Desktop/Baseline_v2.3/mips_cpu/mips_core/instruction_queue.sv Line: 151
Error (10112): Ignored design unit "instruction_Queue" at instruction_queue.sv(37) due to previous errors File: C:/Users/blade/Desktop/Baseline_v2.3/mips_cpu/mips_core/instruction_queue.sv Line: 37
Info (12021): Found 0 design units, including 0 entities, in source file mips_core/instruction_queue.sv
Info (12021): Found 3 design units, including 3 entities, in source file mips_core/register_map_table.sv
    Info (12023): Found entity 1: register_Map_Table_ifc File: C:/Users/blade/Desktop/Baseline_v2.3/mips_cpu/mips_core/register_map_table.sv Line: 3
    Info (12023): Found entity 2: register_Map_Table_Pairing_ifc File: C:/Users/blade/Desktop/Baseline_v2.3/mips_cpu/mips_core/register_map_table.sv Line: 7
    Info (12023): Found entity 3: register_Map_Table File: C:/Users/blade/Desktop/Baseline_v2.3/mips_cpu/mips_core/register_map_table.sv Line: 16
Info (12021): Found 4 design units, including 4 entities, in source file mips_core/active_list.sv
    Info (12023): Found entity 1: active_List_Mapping_Table_ifc File: C:/Users/blade/Desktop/Baseline_v2.3/mips_cpu/mips_core/active_list.sv Line: 30
    Info (12023): Found entity 2: active_List_Data_Queue_ifc File: C:/Users/blade/Desktop/Baseline_v2.3/mips_cpu/mips_core/active_list.sv Line: 99
    Info (12023): Found entity 3: active_List_Commit_ifc File: C:/Users/blade/Desktop/Baseline_v2.3/mips_cpu/mips_core/active_list.sv Line: 161
    Info (12023): Found entity 4: active_List File: C:/Users/blade/Desktop/Baseline_v2.3/mips_cpu/mips_core/active_list.sv Line: 186
Info (144001): Generated suppressed messages file C:/Users/blade/Desktop/Baseline_v2.3/mips_cpu/mips_cpu.map.smsg
Error: Quartus Prime Analysis & Synthesis was unsuccessful. 5 errors, 1 warning
    Error: Peak virtual memory: 4783 megabytes
    Error: Processing ended: Sat Jun 05 22:35:30 2021
    Error: Elapsed time: 00:00:07
    Error: Total CPU time (on all processors): 00:00:18


+------------------------------------------+
; Analysis & Synthesis Suppressed Messages ;
+------------------------------------------+
The suppressed messages can be found in C:/Users/blade/Desktop/Baseline_v2.3/mips_cpu/mips_cpu.map.smsg.


